/export/SoftWare/Synopsys/syn/U-2022.12/auxx/gui/dv/dv_setup.tcl
/export/SoftWare/Synopsys/syn/U-2022.12/auxx/gui/syn/snpsSynProcs.tcl
/export/SoftWare/Synopsys/syn/U-2022.12/auxx/gui/syn/layout/pkgIndex.tcl
/export/SoftWare/Synopsys/syn/U-2022.12/auxx/gui/common/utable/pkgIndex.tcl
/export/SoftWare/Synopsys/syn/U-2022.12/auxx/gui/common/histogram/pkgIndex.tcl
/export/SoftWare/Synopsys/syn/U-2022.12/auxx/gui/common/docBrowser/pkgIndex.tcl
/export/SoftWare/Synopsys/syn/U-2022.12/auxx/gui/common/strokes/pkgIndex.tcl
/export/SoftWare/Synopsys/syn/U-2022.12/auxx/gui/common/propertyEditor/pkgIndex.tcl
/export/SoftWare/Synopsys/syn/U-2022.12/auxx/gui/common/regressionToolkit/pkgIndex.tcl
/export/SoftWare/Synopsys/syn/U-2022.12/auxx/gui/common/tq/pkgIndex.tcl
/export/SoftWare/Synopsys/syn/U-2022.12/auxx/gui/common/commandform/pkgIndex.tcl
/export/SoftWare/Synopsys/syn/U-2022.12/auxx/gui/common/timing/pkgIndex.tcl
/export/SoftWare/Synopsys/syn/U-2022.12/auxx/gui/common/3dic/pkgIndex.tcl
/export/SoftWare/Synopsys/syn/U-2022.12/auxx/gui/common/view/pkgIndex.tcl
/export/SoftWare/Synopsys/syn/U-2022.12/auxx/gui/common/WindowFrameWork/pkgIndex.tcl
/export/SoftWare/Synopsys/syn/U-2022.12/auxx/gui/common/highlight/pkgIndex.tcl
/export/SoftWare/Synopsys/syn/U-2022.12/auxx/gui/common/hierAttrView/pkgIndex.tcl
/export/SoftWare/Synopsys/syn/U-2022.12/auxx/gui/common/layout/pkgIndex.tcl
/export/SoftWare/Synopsys/syn/U-2022.12/auxx/gui/common/opdlg/pkgIndex.tcl
/export/SoftWare/Synopsys/syn/U-2022.12/auxx/gui/common/3dlayout/pkgIndex.tcl
/export/SoftWare/Synopsys/syn/U-2022.12/auxx/gui/common/rtlxref/pkgIndex.tcl
/export/SoftWare/Synopsys/syn/U-2022.12/auxx/gui/common/3dmodel/pkgIndex.tcl
/export/SoftWare/Synopsys/syn/U-2022.12/auxx/gui/common/qtcl/pkgIndex.tcl
/export/SoftWare/Synopsys/syn/U-2022.12/auxx/gui/common/table/pkgIndex.tcl
/export/SoftWare/Synopsys/syn/U-2022.12/auxx/gui/common/taskassistant/pkgIndex.tcl
/export/SoftWare/Synopsys/syn/U-2022.12/auxx/gui/common/tcl-dp/pkgIndex.tcl
/export/SoftWare/Synopsys/syn/U-2022.12/auxx/gui/common/misc/pkgIndex.tcl
/export/SoftWare/Synopsys/syn/U-2022.12/auxx/gui/common/dialogs/pkgIndex.tcl
/export/SoftWare/Synopsys/syn/U-2022.12/auxx/gui/common/hierarchy/pkgIndex.tcl
/export/SoftWare/Synopsys/syn/U-2022.12/auxx/gui/common/schematic/pkgIndex.tcl
/export/SoftWare/Synopsys/syn/U-2022.12/auxx/gui/common/palettegroup/pkgIndex.tcl
/export/SoftWare/Synopsys/syn/U-2022.12/auxx/gui/common/menus/pkgIndex.tcl
/export/SoftWare/Synopsys/syn/U-2022.12/auxx/gui/common/setup/pkgIndex.tcl
/export/SoftWare/Synopsys/syn/U-2022.12/auxx/gui/common/tiledview/pkgIndex.tcl
/export/SoftWare/Synopsys/syn/U-2022.12/auxx/gui/common/acg/pkgIndex.tcl
/export/SoftWare/Synopsys/syn/U-2022.12/auxx/gui/common/libviewer/pkgIndex.tcl
/export/SoftWare/Synopsys/syn/U-2022.12/auxx/gui/common/select/pkgIndex.tcl
/export/SoftWare/Synopsys/syn/U-2022.12/auxx/gui/common/mrupalette/pkgIndex.tcl
/export/SoftWare/Synopsys/syn/U-2022.12/auxx/gui/dv/pkgIndex.tcl
/export/SoftWare/Synopsys/syn/U-2022.12/auxx/syn/lib/pkgIndex.tcl
/export/SoftWare/Synopsys/syn/U-2022.12/auxx/tcllib/lib/iwidgets4.1/pkgIndex.tcl
/export/SoftWare/Synopsys/syn/U-2022.12/auxx/tcllib/lib/itcl4.2.1/pkgIndex.tcl
/export/SoftWare/Synopsys/syn/U-2022.12/auxx/tcllib/snps_tcl/snpsTest/pkgIndex.tcl
/export/SoftWare/Synopsys/syn/U-2022.12/auxx/tcllib/snps_tcl/snpsTclPro/pkgIndex.tcl
/export/SoftWare/Synopsys/syn/U-2022.12/auxx/tcllib/snps_tcl/snpsUtils/pkgIndex.tcl
/export/SoftWare/Synopsys/syn/U-2022.12/auxx/tcllib/snps_tcl/pkgIndex.tcl
/export/SoftWare/Synopsys/syn/U-2022.12/auxx/tcllib/lib/tcl8.6/msgcat/pkgIndex.tcl
/export/SoftWare/Synopsys/syn/U-2022.12/auxx/tcllib/lib/tcl8.6/tcltest/pkgIndex.tcl
/export/SoftWare/Synopsys/syn/U-2022.12/auxx/tcllib/lib/tcl8.6/http/pkgIndex.tcl
/export/SoftWare/Synopsys/syn/U-2022.12/auxx/tcllib/lib/tcl8.6/opt/pkgIndex.tcl
/export/SoftWare/Synopsys/syn/U-2022.12/auxx/tcllib/lib/tcl8.6/http1.0/pkgIndex.tcl
/export/SoftWare/Synopsys/syn/U-2022.12/auxx/tcllib/lib/tcl8.6/reg/pkgIndex.tcl
/export/SoftWare/Synopsys/syn/U-2022.12/auxx/tcllib/lib/tcl8.6/dde/pkgIndex.tcl
/export/SoftWare/Synopsys/syn/U-2022.12/auxx/tcllib/lib/tcl8.6/platform/pkgIndex.tcl
/export/SoftWare/Synopsys/syn/U-2022.12/auxx/gui/common/setup/snpsCommonSetup.tcl
/export/SoftWare/Synopsys/syn/U-2022.12/auxx/gui/common/setup/snpsCustomize.tcl
/export/SoftWare/Synopsys/syn/U-2022.12/auxx/gui/common/setup/snpsProcheck.tcl
/export/SoftWare/Synopsys/syn/U-2022.12/auxx/gui/common/misc/base.tcl
/export/SoftWare/Synopsys/syn/U-2022.12/auxx/gui/common/misc/timing.tcl
/export/SoftWare/Synopsys/syn/U-2022.12/auxx/gui/common/misc/setting.tcl
/export/SoftWare/Synopsys/syn/U-2022.12/auxx/gui/common/misc/preset.tcl
/export/SoftWare/Synopsys/syn/U-2022.12/auxx/gui/common/WindowFrameWork/windowFrameWork.tcl
/export/SoftWare/Synopsys/syn/U-2022.12/auxx/gui/common/WindowFrameWork/skipBusyCursorCmdList.tcl
/export/SoftWare/Synopsys/syn/U-2022.12/auxx/gui/common/qtcl/.synopsys_qtcl.tcl
/export/SoftWare/Synopsys/syn/U-2022.12/auxx/gui/common/highlight/highlight.tcl
/export/SoftWare/Synopsys/syn/U-2022.12/auxx/gui/common/palettegroup/palettegroup.tcl
/export/SoftWare/Synopsys/syn/U-2022.12/auxx/gui/common/commandform/commandform.tcl
/export/SoftWare/Synopsys/syn/U-2022.12/auxx/gui/common/tiledview/tiledview.tcl
/export/SoftWare/Synopsys/syn/U-2022.12/auxx/gui/common/docBrowser/docBrowser.tcl
/export/SoftWare/Synopsys/syn/U-2022.12/auxx/tcllib/snps_tcl/snpsUtils/snpsUtils.tcl
/export/SoftWare/Synopsys/syn/U-2022.12/auxx/gui/common/dialogs/ObjectChooser.tcl
/export/SoftWare/Synopsys/syn/U-2022.12/auxx/gui/common/misc/DialogObjectChooser.tcl
/export/SoftWare/Synopsys/syn/U-2022.12/auxx/gui/common/dialogs/HistBinInformation.tcl
/export/SoftWare/Synopsys/syn/U-2022.12/auxx/gui/common/dialogs/HistBin1Information.tcl
/export/SoftWare/Synopsys/syn/U-2022.12/auxx/gui/common/dialogs/BinsOnlyInformation.tcl
/export/SoftWare/Synopsys/syn/U-2022.12/auxx/gui/common/dialogs/FileChooser.tcl
/export/SoftWare/Synopsys/syn/U-2022.12/auxx/gui/common/dialogs/PathPinSimpleInfo.tcl
/export/SoftWare/Synopsys/syn/U-2022.12/auxx/gui/common/dialogs/PathsBasicInfo.tcl
/export/SoftWare/Synopsys/syn/U-2022.12/auxx/gui/common/dialogs/PathsBasicSimpleInfo.tcl
/export/SoftWare/Synopsys/syn/U-2022.12/auxx/gui/common/dialogs/SlctOperationInfo.tcl
/export/SoftWare/Synopsys/syn/U-2022.12/auxx/gui/common/dialogs/ObjectListInfo.tcl
/export/SoftWare/Synopsys/syn/U-2022.12/auxx/gui/common/dialogs/FanInOutInfo.tcl
/export/SoftWare/Synopsys/syn/U-2022.12/auxx/gui/common/dialogs/NumberOfLevelsChooser.tcl
/export/SoftWare/Synopsys/syn/U-2022.12/auxx/gui/common/dialogs/WindowReuseInfo.tcl
/export/SoftWare/Synopsys/syn/U-2022.12/auxx/gui/common/dialogs/ReportOutputOptionInfo.tcl
/export/SoftWare/Synopsys/syn/U-2022.12/auxx/gui/common/setup/snpsCollections.tcl
/export/SoftWare/Synopsys/syn/U-2022.12/auxx/gui/common/dialogs/CompileLinkDesign.tcl
/export/SoftWare/Synopsys/syn/U-2022.12/auxx/gui/common/histogram/base.tcl
/export/SoftWare/Synopsys/syn/U-2022.12/auxx/gui/common/histogram/DialogNetCapacitance.tcl
/export/SoftWare/Synopsys/syn/U-2022.12/auxx/gui/common/schematic/DialogPathSchematicFanInOut.tcl
/export/SoftWare/Synopsys/syn/U-2022.12/auxx/gui/common/schematic/DialogPathSchematicAddPaths.tcl
/home/stanley/stanley/TPU_FP32_PIPELINE/script/synthesis.tcl
/home/stanley/stanley/TPU_FP32_PIPELINE/src/AMOLED/atten_core/attn_m1_m4_chain_top_pipe.sv
/home/stanley/stanley/TPU_FP32_PIPELINE/src/AMOLED/atten_core/attn_score_9xD_fp32_pipe.sv
/home/stanley/stanley/TPU_FP32_PIPELINE/src/AMOLED/atten_core/attn_norm_relu_fp32.sv
/home/stanley/stanley/TPU_FP32_PIPELINE/src/AMOLED/atten_core/attn_m3_m4_top.sv
/home/stanley/stanley/TPU_FP32_PIPELINE/src/AMOLED/atten_core/attn_score_9xD_fp32_pipe.sv
/home/stanley/stanley/TPU_FP32_PIPELINE/src/AMOLED/atten_core/attn_norm_relu_fp32.sv
/home/stanley/stanley/TPU_FP32_PIPELINE/src/AMOLED/atten_core/attn_score_9xD_fp32_pipe.sv
/home/stanley/stanley/TPU_FP32_PIPELINE/src/AMOLED/atten_core/attn_norm_relu_fp32.sv
/home/stanley/stanley/TPU_FP32_PIPELINE/src/AMOLED/atten_core/attn_m3_m4_top.sv
/home/stanley/stanley/TPU_FP32_PIPELINE/src/AMOLED/feature_sram/tile_addr_gen.sv
/home/stanley/stanley/TPU_FP32_PIPELINE/src/AMOLED/feature_sram/burst_req_if.sv
/home/stanley/stanley/TPU_FP32_PIPELINE/src/AMOLED/feature_sram/burst_engine.sv
/home/stanley/stanley/TPU_FP32_PIPELINE/src/AMOLED/feature_sram/rd_assemble_fifo.sv
/home/stanley/stanley/TPU_FP32_PIPELINE/src/AMOLED/feature_sram/tile_feat_sram_burst_system.sv
/home/stanley/stanley/TPU_FP32_PIPELINE/src/AMOLED/feature_sram/burst_req_if_tileaddr_wrap.sv
/home/stanley/stanley/TPU_FP32_PIPELINE/src/AMOLED/feature_sram/feat_sram_burst_top.sv
/home/stanley/stanley/TPU_FP32_PIPELINE/src/AMOLED/feature_sram/sram_phy_wrap.sv
/home/stanley/stanley/TPU_FP32_PIPELINE/src/AMOLED/tile_feature_extracter/pix_xy_feature_top.sv
/home/stanley/stanley/TPU_FP32_PIPELINE/src/AMOLED/tile_feature_extracter/pix_xy_linebuf_stats_edge_top.sv
/home/stanley/stanley/TPU_FP32_PIPELINE/src/AMOLED/tile_feature_extracter/pixel_xy_linebuf_1line_top.sv
/home/stanley/stanley/TPU_FP32_PIPELINE/src/AMOLED/tile_feature_extracter/pixel_xy_counter.sv
/home/stanley/stanley/TPU_FP32_PIPELINE/src/AMOLED/tile_feature_extracter/linebuf_y_1line.sv
/home/stanley/stanley/TPU_FP32_PIPELINE/src/AMOLED/tile_feature_extracter/tile_stats_edge_raster_4x4.sv
/home/stanley/stanley/TPU_FP32_PIPELINE/src/AMOLED/tile_feature_extracter/feature_pack_and_valid.sv
/home/stanley/stanley/TPU_FP32_PIPELINE/src/AMOLED/feature_sram/feature_sram.sv
/home/stanley/stanley/TPU_FP32_PIPELINE/src/AMOLED/rgb2y_luma/rgb_coeff_mult.sv
/home/stanley/stanley/TPU_FP32_PIPELINE/src/AMOLED/rgb2y_luma/rgb_y_pipe_top.sv
/home/stanley/stanley/TPU_FP32_PIPELINE/src/AMOLED/rgb2y_luma/rgb_round_shift.sv
/home/stanley/stanley/TPU_FP32_PIPELINE/src/AMOLED/rgb2y_luma/rgb_sum_acc.sv
/home/stanley/stanley/TPU_FP32_PIPELINE/src/AMOLED/rgb2y_luma/rgb2y_full_pipe_top.sv
/home/stanley/stanley/TPU_FP32_PIPELINE/src/AMOLED/rgb2y_luma/rgb2y_out_pack.sv
/home/stanley/stanley/TPU_FP32_PIPELINE/src/AMOLED/rgb2y_luma/rgb_unpack_clip.sv
/home/stanley/stanley/TPU_FP32_PIPELINE/src/AMOLED/rgb2y_luma/rgb_coeff_mult.sv
/home/stanley/stanley/TPU_FP32_PIPELINE/src/AMOLED/tile_neighborhood_fetch/tile_nb_feature_fetch_3x3_top_inst.sv
/home/stanley/stanley/TPU_FP32_PIPELINE/src/AMOLED/tile_neighborhood_fetch/tile_nb_fetch_3x3_to_9req_inst.sv
/home/stanley/stanley/TPU_FP32_PIPELINE/src/AMOLED/tile_neighborhood_fetch/tile_coord_clamp_3x3.sv
/home/stanley/stanley/TPU_FP32_PIPELINE/src/AMOLED/tile_neighborhood_fetch/nb_fetch_scheduler_9req.sv
/home/stanley/stanley/TPU_FP32_PIPELINE/src/AMOLED/tile_neighborhood_fetch/feature_sram_rd_addr_encode.sv
/home/stanley/stanley/TPU_FP32_PIPELINE/src/AMOLED/tile_neighborhood_fetch/feature_sram_burst_reader.sv
/home/stanley/stanley/TPU_FP32_PIPELINE/src/AMOLED/tile_neighborhood_fetch/nb_feat_bundle_assembler_9.sv
/home/stanley/stanley/TPU_FP32_PIPELINE/src/AMOLED/video_in_timing_if/sync_sanitizer.sv
/home/stanley/stanley/TPU_FP32_PIPELINE/src/AMOLED/video_in_timing_if/edge_pulse_gen.sv
/home/stanley/stanley/TPU_FP32_PIPELINE/src/AMOLED/video_in_timing_if/sync_edge_top.sv
/home/stanley/stanley/TPU_FP32_PIPELINE/src/AMOLED/video_in_timing_if/active_window_tracker.sv
/home/stanley/stanley/TPU_FP32_PIPELINE/src/AMOLED/video_in_timing_if/xy_counter.sv
/home/stanley/stanley/TPU_FP32_PIPELINE/src/AMOLED/video_in_timing_if/frame_event_gen.sv
/home/stanley/stanley/TPU_FP32_PIPELINE/src/AMOLED/video_in_timing_if/active_window_tracker.sv
/home/stanley/stanley/TPU_FP32_PIPELINE/src/AMOLED/video_in_timing_if/xy_counter.sv
/home/stanley/stanley/TPU_FP32_PIPELINE/src/AMOLED/video_in_timing_if/sync_edge_top.sv
/home/stanley/stanley/TPU_FP32_PIPELINE/src/AMOLED/video_in_timing_if/active_window_tracker.sv
/home/stanley/stanley/TPU_FP32_PIPELINE/src/AMOLED/video_in_timing_if/xy_counter.sv
/home/stanley/stanley/TPU_FP32_PIPELINE/src/AMOLED/video_in_timing_if/video_in_timing_if_top.sv
/home/stanley/stanley/TPU_FP32_PIPELINE/src/AMOLED/rgb2y_luma/rgb2y_luma_top.sv
/home/stanley/stanley/TPU_FP32_PIPELINE/src/AMOLED/video_rgb2y_integrated_top.sv
/home/stanley/stanley/TPU_FP32_PIPELINE/src/AMOLED/pix_xy_feature_sram_integrated_top.sv
/home/stanley/stanley/TPU_FP32_PIPELINE/src/AMOLED/atten_core/attn_alpha_fp32.sv
/home/stanley/stanley/TPU_FP32_PIPELINE/src/AMOLED/atten_core/attn_core_tile_top_fp32.sv
/home/stanley/stanley/TPU_FP32_PIPELINE/src/AMOLED/atten_core/attn_m1_m2_chain_top.sv
/home/stanley/stanley/TPU_FP32_PIPELINE/src/AMOLED/atten_core/attn_m1_m4_chain_top_pipe.sv
/home/stanley/stanley/TPU_FP32_PIPELINE/src/AMOLED/atten_core/attn_m3_m4_top.sv
/home/stanley/stanley/TPU_FP32_PIPELINE/src/AMOLED/atten_core/attn_norm_relu_fp32.sv
/home/stanley/stanley/TPU_FP32_PIPELINE/src/AMOLED/atten_core/attn_score_9xD_fp32_pipe.sv
/home/stanley/stanley/TPU_FP32_PIPELINE/src/AMOLED/atten_core/attn_weighted_sum_fp32.sv
/home/stanley/stanley/TPU_FP32_PIPELINE/src/AMOLED/feature_sram/burst_engine.sv
/home/stanley/stanley/TPU_FP32_PIPELINE/src/AMOLED/feature_sram/burst_req_if.sv
/home/stanley/stanley/TPU_FP32_PIPELINE/src/AMOLED/feature_sram/burst_req_if_tileaddr_wrap.sv
/home/stanley/stanley/TPU_FP32_PIPELINE/src/AMOLED/feature_sram/feat_sram_burst_top.sv
/home/stanley/stanley/TPU_FP32_PIPELINE/src/AMOLED/feature_sram/feature_sram.sv
/home/stanley/stanley/TPU_FP32_PIPELINE/src/AMOLED/feature_sram/rd_assemble_fifo.sv
/home/stanley/stanley/TPU_FP32_PIPELINE/src/AMOLED/feature_sram/sram_phy_wrap.sv
/home/stanley/stanley/TPU_FP32_PIPELINE/src/AMOLED/feature_sram/tile_addr_gen.sv
/home/stanley/stanley/TPU_FP32_PIPELINE/src/AMOLED/feature_sram/tile_feat_sram_burst_system.sv
/home/stanley/stanley/TPU_FP32_PIPELINE/src/AMOLED/pix_xy_feature_sram_integrated_top.sv
/home/stanley/stanley/TPU_FP32_PIPELINE/src/AMOLED/rgb2y_luma/rgb2y_full_pipe_top.sv
/home/stanley/stanley/TPU_FP32_PIPELINE/src/AMOLED/rgb2y_luma/rgb2y_luma_top.sv
/home/stanley/stanley/TPU_FP32_PIPELINE/src/AMOLED/rgb2y_luma/rgb2y_out_pack.sv
/home/stanley/stanley/TPU_FP32_PIPELINE/src/AMOLED/rgb2y_luma/rgb_coeff_mult.sv
/home/stanley/stanley/TPU_FP32_PIPELINE/src/AMOLED/rgb2y_luma/rgb_round_shift.sv
/home/stanley/stanley/TPU_FP32_PIPELINE/src/AMOLED/rgb2y_luma/rgb_sum_acc.sv
/home/stanley/stanley/TPU_FP32_PIPELINE/src/AMOLED/rgb2y_luma/rgb_unpack_clip.sv
/home/stanley/stanley/TPU_FP32_PIPELINE/src/AMOLED/rgb2y_luma/rgb_unpack_coeff_top.sv
/home/stanley/stanley/TPU_FP32_PIPELINE/src/AMOLED/rgb2y_luma/rgb_y_pipe_top.sv
/home/stanley/stanley/TPU_FP32_PIPELINE/src/AMOLED/tile_feature_extracter/feature_pack_and_valid.sv
/home/stanley/stanley/TPU_FP32_PIPELINE/src/AMOLED/tile_feature_extracter/linebuf_y_1line.sv
/home/stanley/stanley/TPU_FP32_PIPELINE/src/AMOLED/tile_feature_extracter/pix_xy_feature_top.sv
/home/stanley/stanley/TPU_FP32_PIPELINE/src/AMOLED/tile_feature_extracter/pix_xy_linebuf_stats_edge_top.sv
/home/stanley/stanley/TPU_FP32_PIPELINE/src/AMOLED/tile_feature_extracter/pixel_xy_counter.sv
/home/stanley/stanley/TPU_FP32_PIPELINE/src/AMOLED/tile_feature_extracter/pixel_xy_linebuf_1line_top.sv
/home/stanley/stanley/TPU_FP32_PIPELINE/src/AMOLED/tile_feature_extracter/tile_stats_edge_raster_4x4.sv
/home/stanley/stanley/TPU_FP32_PIPELINE/src/AMOLED/tile_nb_fetch_bundle9_attn_core_m5_top_fp32.sv
/home/stanley/stanley/TPU_FP32_PIPELINE/src/AMOLED/tile_neighborhood_fetch/feature_sram_burst_reader.sv
/home/stanley/stanley/TPU_FP32_PIPELINE/src/AMOLED/tile_neighborhood_fetch/feature_sram_rd_addr_encode.sv
/home/stanley/stanley/TPU_FP32_PIPELINE/src/AMOLED/tile_neighborhood_fetch/nb_feat_bundle_assembler_9.sv
/home/stanley/stanley/TPU_FP32_PIPELINE/src/AMOLED/tile_neighborhood_fetch/nb_fetch_scheduler_9req.sv
/home/stanley/stanley/TPU_FP32_PIPELINE/src/AMOLED/tile_neighborhood_fetch/tile_coord_clamp_3x3.sv
/home/stanley/stanley/TPU_FP32_PIPELINE/src/AMOLED/tile_neighborhood_fetch/tile_nb_feature_fetch_3x3_bundle9_top_inst.sv
/home/stanley/stanley/TPU_FP32_PIPELINE/src/AMOLED/tile_neighborhood_fetch/tile_nb_feature_fetch_3x3_top_inst.sv
/home/stanley/stanley/TPU_FP32_PIPELINE/src/AMOLED/tile_neighborhood_fetch/tile_nb_fetch_3x3_to_9req_inst.sv
/home/stanley/stanley/TPU_FP32_PIPELINE/src/AMOLED/video_feature_sram_nb_attn_m5_top_fp32.sv
/home/stanley/stanley/TPU_FP32_PIPELINE/src/AMOLED/video_in_timing_if/active_window_tracker.sv
/home/stanley/stanley/TPU_FP32_PIPELINE/src/AMOLED/video_in_timing_if/edge_pulse_gen.sv
/home/stanley/stanley/TPU_FP32_PIPELINE/src/AMOLED/video_in_timing_if/frame_event_gen.sv
/home/stanley/stanley/TPU_FP32_PIPELINE/src/AMOLED/video_in_timing_if/sync_edge_top.sv
/home/stanley/stanley/TPU_FP32_PIPELINE/src/AMOLED/video_in_timing_if/sync_sanitizer.sv
/home/stanley/stanley/TPU_FP32_PIPELINE/src/AMOLED/video_in_timing_if/video_in_timing_if_top.sv
/home/stanley/stanley/TPU_FP32_PIPELINE/src/AMOLED/video_in_timing_if/video_xy_top.sv
/home/stanley/stanley/TPU_FP32_PIPELINE/src/AMOLED/video_in_timing_if/video_xy_top_sync.sv
/home/stanley/stanley/TPU_FP32_PIPELINE/src/AMOLED/video_in_timing_if/xy_counter.sv
/home/stanley/stanley/TPU_FP32_PIPELINE/src/AMOLED/video_rgb2y_integrated_top.sv
/home/stanley/stanley/TPU_FP32_PIPELINE/src/AMOLED/video_rgb2y_to_feature_sram_top.sv
/export/SoftWare/Synopsys/syn/U-2022.12/libraries/syn/gtech.db
/export/SoftWare/Synopsys/syn/U-2022.12/libraries/syn/standard.sldb
